92c92
<                       aggregations: compute_stats(key, 'hll'), compute_stats(value, 'hll')
---
>                       aggregations: compute_stats(key, 16), compute_stats(value, 16)
95c95
<                       Statistics: Num rows: 1 Data size: 864 Basic stats: COMPLETE Column stats: NONE
---
>                       Statistics: Num rows: 1 Data size: 968 Basic stats: COMPLETE Column stats: NONE
98,99c98,99
<                         Statistics: Num rows: 1 Data size: 864 Basic stats: COMPLETE Column stats: NONE
<                         value expressions: _col0 (type: struct<columntype:string,min:bigint,max:bigint,countnulls:bigint,bitvector:binary>), _col1 (type: struct<columntype:string,maxlength:bigint,sumlength:bigint,count:bigint,countnulls:bigint,bitvector:binary>)
---
>                         Statistics: Num rows: 1 Data size: 968 Basic stats: COMPLETE Column stats: NONE
>                         value expressions: _col0 (type: struct<columntype:string,min:bigint,max:bigint,countnulls:bigint,bitvector:string,numbitvectors:int>), _col1 (type: struct<columntype:string,maxlength:bigint,sumlength:bigint,count:bigint,countnulls:bigint,bitvector:string,numbitvectors:int>)
106c106
<                 Statistics: Num rows: 1 Data size: 880 Basic stats: COMPLETE Column stats: NONE
---
>                 Statistics: Num rows: 1 Data size: 972 Basic stats: COMPLETE Column stats: NONE
109c109
<                   Statistics: Num rows: 1 Data size: 880 Basic stats: COMPLETE Column stats: NONE
---
>                   Statistics: Num rows: 1 Data size: 972 Basic stats: COMPLETE Column stats: NONE
