33c33
<           Statistics: Num rows: 1 Data size: 10 Basic stats: COMPLETE Column stats: COMPLETE
---
>           Statistics: Num rows: 1 Data size: 1 Basic stats: COMPLETE Column stats: COMPLETE
